app/manifest-merger-release-report.txt
-- Merging decision tree log ---
manifest
ADDED from androidmanifest.xml:2:1
	xmlns:android
		ADDED from androidmanifest.xml:2:11
	package
		ADDED from androidmanifest.xml:3:5
		INJECTED from androidmanifest.xml:0:0
		INJECTED from androidmanifest.xml:0:0
	android:versionName
		INJECTED from androidmanifest.xml:0:0
		INJECTED from androidmanifest.xml:0:0
	android:versionCode
		INJECTED from androidmanifest.xml:0:0
		INJECTED from androidmanifest.xml:0:0
uses-feature#0x00020000
ADDED from androidmanifest.xml:4:5
	android:required
		ADDED from androidmanifest.xml:6:9
	android:glEsVersion
		ADDED from androidmanifest.xml:5:9
uses-feature#android.hardware.location.gps
ADDED from androidmanifest.xml:8:5
	android:required
		ADDED from androidmanifest.xml:10:9
	android:name
		ADDED from androidmanifest.xml:9:9
application
ADDED from androidmanifest.xml:12:5
MERGED from com.google.android.gms:play-services:6.5.87:20:5
MERGED from com.android.support:support-v4:21.0.3:16:5
MERGED from com.android.support:appcompat-v7:21.0.3:16:5
MERGED from com.android.support:support-v4:21.0.3:16:5
MERGED from com.google.maps.android:android-maps-utils:0.3.3:7:5
	android:label
		ADDED from androidmanifest.xml:16:9
	android:allowBackup
		ADDED from androidmanifest.xml:14:9
	android:icon
		ADDED from androidmanifest.xml:15:9
	android:theme
		ADDED from androidmanifest.xml:17:9
	android:name
		ADDED from androidmanifest.xml:13:9
activity#idv.seventhmoon.hkinfomap.MapsActivity
ADDED from androidmanifest.xml:18:9
	android:label
		ADDED from androidmanifest.xml:20:13
	android:name
		ADDED from androidmanifest.xml:19:13
intent-filter#android.intent.action.MAIN+android.intent.category.LAUNCHER
ADDED from androidmanifest.xml:21:13
action#android.intent.action.MAIN
ADDED from androidmanifest.xml:22:17
	android:name
		ADDED from androidmanifest.xml:22:25
category#android.intent.category.LAUNCHER
ADDED from androidmanifest.xml:24:17
	android:name
		ADDED from androidmanifest.xml:24:27
meta-data#com.google.android.gms.version
ADDED from androidmanifest.xml:28:9
MERGED from com.google.android.gms:play-services:6.5.87:21:9
	android:name
		ADDED from androidmanifest.xml:29:13
	android:value
		ADDED from androidmanifest.xml:30:13
meta-data#com.google.android.maps.v2.API_KEY
ADDED from androidmanifest.xml:31:9
	android:name
		ADDED from androidmanifest.xml:32:13
	android:value
		ADDED from androidmanifest.xml:33:13
activity#com.google.android.gms.ads.AdActivity
ADDED from androidmanifest.xml:34:9
	android:configChanges
		ADDED from androidmanifest.xml:35:13
	android:theme
		ADDED from androidmanifest.xml:36:13
	android:name
		ADDED from androidmanifest.xml:34:19
uses-permission#android.permission.INTERNET
ADDED from androidmanifest.xml:39:5
	android:name
		ADDED from androidmanifest.xml:39:22
uses-permission#android.permission.ACCESS_NETWORK_STATE
ADDED from androidmanifest.xml:40:5
	android:name
		ADDED from androidmanifest.xml:40:22
uses-permission#android.permission.WRITE_EXTERNAL_STORAGE
ADDED from androidmanifest.xml:41:5
	android:name
		ADDED from androidmanifest.xml:41:22
uses-permission#com.google.android.providers.gsf.permission.READ_GSERVICES
ADDED from androidmanifest.xml:42:5
	android:name
		ADDED from androidmanifest.xml:42:22
uses-permission#android.permission.ACCESS_COARSE_LOCATION
ADDED from androidmanifest.xml:47:5
	android:name
		ADDED from androidmanifest.xml:47:22
uses-permission#android.permission.ACCESS_FINE_LOCATION
ADDED from androidmanifest.xml:48:5
	android:name
		ADDED from androidmanifest.xml:48:22
uses-sdk
INJECTED from androidmanifest.xml:0:0 reason: use-sdk injection requested
MERGED from com.google.android.gms:play-services:6.5.87:18:5
MERGED from com.android.support:support-v4:21.0.3:15:5
MERGED from com.android.support:appcompat-v7:21.0.3:15:5
MERGED from com.android.support:support-v4:21.0.3:15:5
MERGED from com.google.maps.android:android-maps-utils:0.3.3:5:5
	android:targetSdkVersion
		INJECTED from androidmanifest.xml:0:0
		INJECTED from androidmanifest.xml:0:0
	android:minSdkVersion
		INJECTED from androidmanifest.xml:0:0
		INJECTED from androidmanifest.xml:0:0